<?xml version="1.0" encoding="UTF-8"?>
<!-- Generated by org.testng.reporters.JUnitReportReporter -->
<testsuite skipped="0" hostname="Mds-MBP-3" name="allTests.HomePageTest" tests="2" failures="0" timestamp="2020-03-05T11:12:17 EST" time="6.464" errors="0">
  <testcase name="titleValidation" time="2.650" classname="allTests.HomePageTest"/>
  <system-out/>
  <testcase name="CCValidation" time="3.814" classname="allTests.HomePageTest"/>
  <system-out/>
</testsuite> <!-- allTests.HomePageTest -->
